Using pre-set license
Built from '2020.3/staging' branch; Version is '2020.3.4f1 (0abb6314276a) revision 703331'; Using compiler version '192528614'; Build Type 'Release'
OS: 'Windows 10 Home; OS build 18363.1500; Version 1909; 64bit' Language: 'en' Physical Memory: 32707 MB
BatchMode: 1, IsHumanControllingUs: 0, StartBugReporterOnCrash: 0, Is64bit: 1, IsPro: 0

 COMMAND LINE ARGUMENTS:
E:\Unity\2020.3.4f1\Editor\Unity.exe
-adb2
-batchMode
-noUpm
-name
AssetImportWorker0
-projectPath
D:/GIT Repositories/GaD Week 2 Tutorial/GaDWeek2Tutorial/GaD Week 2 Tutorial
-logFile
Logs/AssetImportWorker0.log
-srvPort
58481
Successfully changed project path to: D:/GIT Repositories/GaD Week 2 Tutorial/GaDWeek2Tutorial/GaD Week 2 Tutorial
D:/GIT Repositories/GaD Week 2 Tutorial/GaDWeek2Tutorial/GaD Week 2 Tutorial
Using Asset Import Pipeline V2.
Refreshing native plugins compatible for Editor in 34.87 ms, found 1 plugins.
Preloading 0 native plugins for Editor in 0.00 ms.
Initialize engine version: 2020.3.4f1 (0abb6314276a)
[Subsystems] Discovering subsystems at path E:/Unity/2020.3.4f1/Editor/Data/Resources/UnitySubsystems
[Subsystems] Discovering subsystems at path D:/GIT Repositories/GaD Week 2 Tutorial/GaDWeek2Tutorial/GaD Week 2 Tutorial/Assets
GfxDevice: creating device client; threaded=0
Direct3D:
    Version:  Direct3D 11.0 [level 11.1]
    Renderer: NVIDIA GeForce GTX 1080 (ID=0x1b80)
    Vendor:   
    VRAM:     8079 MB
    Driver:   27.21.14.6140
Initialize mono
Mono path[0] = 'E:/Unity/2020.3.4f1/Editor/Data/Managed'
Mono path[1] = 'E:/Unity/2020.3.4f1/Editor/Data/MonoBleedingEdge/lib/mono/unityjit'
Mono config path = 'E:/Unity/2020.3.4f1/Editor/Data/MonoBleedingEdge/etc'
Using monoOptions --debugger-agent=transport=dt_socket,embedding=1,server=y,suspend=n,address=127.0.0.1:56196
Begin MonoManager ReloadAssembly
Registering precompiled unity dll's ...
Register platform support module: E:/Unity/2020.3.4f1/Editor/Data/PlaybackEngines/WebGLSupport/UnityEditor.WebGL.Extensions.dll
Register platform support module: E:/Unity/2020.3.4f1/Editor/Data/PlaybackEngines/WindowsStandaloneSupport/UnityEditor.WindowsStandalone.Extensions.dll
Registered in 0.001695 seconds.
Native extension for WindowsStandalone target not found
Native extension for WebGL target not found
Refreshing native plugins compatible for Editor in 43.63 ms, found 1 plugins.
Preloading 0 native plugins for Editor in 0.00 ms.
Mono: successfully reloaded assembly
- Completed reload, in  1.393 seconds
Platform modules already initialized, skipping
Registering precompiled user dll's ...
Registered in 0.001763 seconds.
Begin MonoManager ReloadAssembly
Native extension for WindowsStandalone target not found
Native extension for WebGL target not found
Refreshing native plugins compatible for Editor in 0.34 ms, found 1 plugins.
Preloading 0 native plugins for Editor in 0.00 ms.
[ScriptCompilation] NOT recompiling all scripts because this is an import worker process. Reason to compile was: Define symbols changed
Mono: successfully reloaded assembly
- Completed reload, in  1.043 seconds
Platform modules already initialized, skipping
========================================================================
Worker process is ready to serve import requests
Launched and connected shader compiler UnityShaderCompiler.exe after 0.06 seconds
Refreshing native plugins compatible for Editor in 0.52 ms, found 1 plugins.
Preloading 0 native plugins for Editor in 0.00 ms.
Unloading 1511 Unused Serialized files (Serialized files now loaded: 0)
System memory in use before: 74.3 MB.
System memory in use after: 74.4 MB.

Unloading 14 unused Assets to reduce memory usage. Loaded Objects now: 1949.
Total: 2.908200 ms (FindLiveObjects: 0.296400 ms CreateObjectMapping: 0.162100 ms MarkObjects: 2.337200 ms  DeleteObjects: 0.111000 ms)

========================================================================
Received Import Request.
  path: Assets/Jammo-Character/Prefabs
  artifactKey: Guid(c1aa448c4c958d843a191bcf0890103e) Importer(815301076,1909f56bfc062723c751e8b465ee728b)
Start importing Assets/Jammo-Character/Prefabs using Guid(c1aa448c4c958d843a191bcf0890103e) Importer(815301076,1909f56bfc062723c751e8b465ee728b)  -> (artifact id: '7ef131726d7a9c5508fab3c8f47b94f9') in 0.006640 seconds
  Import took 0.010250 seconds .

========================================================================
Received Import Request.
  Time since last request: 0.000242 seconds.
  path: Assets/Jammo-Character/Prefabs/Jammo_Player.prefab
  artifactKey: Guid(bd6ee82c5e06b3f4f86113cbf8261ae1) Importer(815301076,1909f56bfc062723c751e8b465ee728b)
Start importing Assets/Jammo-Character/Prefabs/Jammo_Player.prefab using Guid(bd6ee82c5e06b3f4f86113cbf8261ae1) Importer(815301076,1909f56bfc062723c751e8b465ee728b)  -> (artifact id: 'ad051f9d716677184fcafd794307fba1') in 0.714827 seconds
  Import took 0.721695 seconds .

========================================================================
Received Prepare
Registering precompiled user dll's ...
Registered in 0.001937 seconds.
Begin MonoManager ReloadAssembly
Native extension for WindowsStandalone target not found
Native extension for WebGL target not found
Refreshing native plugins compatible for Editor in 0.31 ms, found 1 plugins.
Preloading 0 native plugins for Editor in 0.00 ms.
[ScriptCompilation] NOT recompiling all scripts because this is an import worker process. Reason to compile was: Define symbols changed
Mono: successfully reloaded assembly
- Completed reload, in  0.855 seconds
Platform modules already initialized, skipping
Refreshing native plugins compatible for Editor in 0.28 ms, found 1 plugins.
Preloading 0 native plugins for Editor in 0.00 ms.
Unloading 1472 Unused Serialized files (Serialized files now loaded: 0)
System memory in use before: 87.8 MB.
System memory in use after: 87.9 MB.

Unloading 9 unused Assets to reduce memory usage. Loaded Objects now: 1960.
Total: 2.662400 ms (FindLiveObjects: 0.222700 ms CreateObjectMapping: 0.052300 ms MarkObjects: 2.317900 ms  DeleteObjects: 0.068300 ms)

========================================================================
Received Import Request.
  Time since last request: 37.833431 seconds.
  path: Assets/Jammo-Character/Models
  artifactKey: Guid(9a9668dd0126a234db37aeb2e80695fa) Importer(815301076,1909f56bfc062723c751e8b465ee728b)
Start importing Assets/Jammo-Character/Models using Guid(9a9668dd0126a234db37aeb2e80695fa) Importer(815301076,1909f56bfc062723c751e8b465ee728b)  -> (artifact id: '2841df3342766eff57b33d99d8e1de91') in 0.004950 seconds
  Import took 0.007387 seconds .

========================================================================
Received Import Request.
  Time since last request: 0.066785 seconds.
  path: Assets/Jammo-Character/Models/Jammo_LowPoly.fbx
  artifactKey: Guid(82a2914d8f86c62488456950c8330e38) Importer(815301076,1909f56bfc062723c751e8b465ee728b)
Start importing Assets/Jammo-Character/Models/Jammo_LowPoly.fbx using Guid(82a2914d8f86c62488456950c8330e38) Importer(815301076,1909f56bfc062723c751e8b465ee728b)  -> (artifact id: 'd80fb41ef24b60b511ae96fc4c8e6497') in 0.366616 seconds
  Import took 0.371205 seconds .

========================================================================
Received Prepare
Registering precompiled user dll's ...
Registered in 0.001971 seconds.
Begin MonoManager ReloadAssembly
Native extension for WindowsStandalone target not found
Native extension for WebGL target not found
Refreshing native plugins compatible for Editor in 0.50 ms, found 1 plugins.
Preloading 0 native plugins for Editor in 0.00 ms.
[ScriptCompilation] NOT recompiling all scripts because this is an import worker process. Reason to compile was: Define symbols changed
Mono: successfully reloaded assembly
- Completed reload, in  1.065 seconds
Platform modules already initialized, skipping
Refreshing native plugins compatible for Editor in 0.50 ms, found 1 plugins.
Preloading 0 native plugins for Editor in 0.00 ms.
Unloading 1472 Unused Serialized files (Serialized files now loaded: 0)
System memory in use before: 88.1 MB.
System memory in use after: 88.2 MB.

Unloading 9 unused Assets to reduce memory usage. Loaded Objects now: 1967.
Total: 2.788900 ms (FindLiveObjects: 0.367000 ms CreateObjectMapping: 0.076000 ms MarkObjects: 2.257100 ms  DeleteObjects: 0.086300 ms)

========================================================================
Received Prepare
Registering precompiled user dll's ...
Registered in 0.001695 seconds.
Begin MonoManager ReloadAssembly
Native extension for WindowsStandalone target not found
Native extension for WebGL target not found
Refreshing native plugins compatible for Editor in 0.28 ms, found 1 plugins.
Preloading 0 native plugins for Editor in 0.00 ms.
[ScriptCompilation] NOT recompiling all scripts because this is an import worker process. Reason to compile was: Define symbols changed
Mono: successfully reloaded assembly
- Completed reload, in  0.830 seconds
Platform modules already initialized, skipping
Refreshing native plugins compatible for Editor in 0.32 ms, found 1 plugins.
Preloading 0 native plugins for Editor in 0.00 ms.
Unloading 1473 Unused Serialized files (Serialized files now loaded: 0)
System memory in use before: 88.1 MB.
System memory in use after: 88.2 MB.

Unloading 9 unused Assets to reduce memory usage. Loaded Objects now: 1971.
Total: 2.675100 ms (FindLiveObjects: 0.226500 ms CreateObjectMapping: 0.061100 ms MarkObjects: 2.330200 ms  DeleteObjects: 0.056300 ms)

========================================================================
Received Prepare
Registering precompiled user dll's ...
Registered in 0.001675 seconds.
Begin MonoManager ReloadAssembly
Native extension for WindowsStandalone target not found
Native extension for WebGL target not found
Refreshing native plugins compatible for Editor in 0.29 ms, found 1 plugins.
Preloading 0 native plugins for Editor in 0.00 ms.
[ScriptCompilation] NOT recompiling all scripts because this is an import worker process. Reason to compile was: Define symbols changed
Mono: successfully reloaded assembly
- Completed reload, in  0.865 seconds
Platform modules already initialized, skipping
Refreshing native plugins compatible for Editor in 0.30 ms, found 1 plugins.
Preloading 0 native plugins for Editor in 0.00 ms.
Unloading 1473 Unused Serialized files (Serialized files now loaded: 0)
System memory in use before: 88.1 MB.
System memory in use after: 88.2 MB.

Unloading 9 unused Assets to reduce memory usage. Loaded Objects now: 1974.
Total: 2.044700 ms (FindLiveObjects: 0.187200 ms CreateObjectMapping: 0.046100 ms MarkObjects: 1.714800 ms  DeleteObjects: 0.095800 ms)

========================================================================
Received Prepare
Registering precompiled user dll's ...
Registered in 0.001693 seconds.
Begin MonoManager ReloadAssembly
Native extension for WindowsStandalone target not found
Native extension for WebGL target not found
Refreshing native plugins compatible for Editor in 0.33 ms, found 1 plugins.
Preloading 0 native plugins for Editor in 0.00 ms.
[ScriptCompilation] NOT recompiling all scripts because this is an import worker process. Reason to compile was: Define symbols changed
Mono: successfully reloaded assembly
- Completed reload, in  0.877 seconds
Platform modules already initialized, skipping
Refreshing native plugins compatible for Editor in 0.30 ms, found 1 plugins.
Preloading 0 native plugins for Editor in 0.00 ms.
Unloading 1473 Unused Serialized files (Serialized files now loaded: 0)
System memory in use before: 88.2 MB.
System memory in use after: 88.2 MB.

Unloading 9 unused Assets to reduce memory usage. Loaded Objects now: 1977.
Total: 1.765200 ms (FindLiveObjects: 0.166500 ms CreateObjectMapping: 0.049000 ms MarkObjects: 1.496900 ms  DeleteObjects: 0.051800 ms)

========================================================================
Received Prepare
Registering precompiled user dll's ...
Registered in 0.001609 seconds.
Begin MonoManager ReloadAssembly
Native extension for WindowsStandalone target not found
Native extension for WebGL target not found
Refreshing native plugins compatible for Editor in 0.33 ms, found 1 plugins.
Preloading 0 native plugins for Editor in 0.00 ms.
[ScriptCompilation] NOT recompiling all scripts because this is an import worker process. Reason to compile was: Define symbols changed
Mono: successfully reloaded assembly
- Completed reload, in  0.847 seconds
Platform modules already initialized, skipping
Refreshing native plugins compatible for Editor in 0.46 ms, found 1 plugins.
Preloading 0 native plugins for Editor in 0.00 ms.
Unloading 1473 Unused Serialized files (Serialized files now loaded: 0)
System memory in use before: 88.2 MB.
System memory in use after: 88.2 MB.

Unloading 9 unused Assets to reduce memory usage. Loaded Objects now: 1980.
Total: 1.969000 ms (FindLiveObjects: 0.166600 ms CreateObjectMapping: 0.050200 ms MarkObjects: 1.663800 ms  DeleteObjects: 0.087800 ms)

========================================================================
Received Prepare
Registering precompiled user dll's ...
Registered in 0.001772 seconds.
Begin MonoManager ReloadAssembly
Native extension for WindowsStandalone target not found
Native extension for WebGL target not found
Refreshing native plugins compatible for Editor in 0.35 ms, found 1 plugins.
Preloading 0 native plugins for Editor in 0.00 ms.
[ScriptCompilation] NOT recompiling all scripts because this is an import worker process. Reason to compile was: Define symbols changed
Mono: successfully reloaded assembly
- Completed reload, in  0.809 seconds
Platform modules already initialized, skipping
Refreshing native plugins compatible for Editor in 0.36 ms, found 1 plugins.
Preloading 0 native plugins for Editor in 0.00 ms.
Unloading 1473 Unused Serialized files (Serialized files now loaded: 0)
System memory in use before: 88.2 MB.
System memory in use after: 88.2 MB.

Unloading 9 unused Assets to reduce memory usage. Loaded Objects now: 1983.
Total: 2.376400 ms (FindLiveObjects: 0.242200 ms CreateObjectMapping: 0.058100 ms MarkObjects: 2.005800 ms  DeleteObjects: 0.069100 ms)

========================================================================
Received Prepare
Registering precompiled user dll's ...
Registered in 0.001807 seconds.
Begin MonoManager ReloadAssembly
Native extension for WindowsStandalone target not found
Native extension for WebGL target not found
Refreshing native plugins compatible for Editor in 0.29 ms, found 1 plugins.
Preloading 0 native plugins for Editor in 0.00 ms.
[ScriptCompilation] NOT recompiling all scripts because this is an import worker process. Reason to compile was: Define symbols changed
Mono: successfully reloaded assembly
- Completed reload, in  0.847 seconds
Platform modules already initialized, skipping
Refreshing native plugins compatible for Editor in 0.29 ms, found 1 plugins.
Preloading 0 native plugins for Editor in 0.00 ms.
Unloading 1473 Unused Serialized files (Serialized files now loaded: 0)
System memory in use before: 88.1 MB.
System memory in use after: 88.2 MB.

Unloading 9 unused Assets to reduce memory usage. Loaded Objects now: 1986.
Total: 2.014600 ms (FindLiveObjects: 0.190700 ms CreateObjectMapping: 0.052300 ms MarkObjects: 1.687300 ms  DeleteObjects: 0.083300 ms)

========================================================================
Received Prepare
Registering precompiled user dll's ...
Registered in 0.001685 seconds.
Begin MonoManager ReloadAssembly
Native extension for WindowsStandalone target not found
Native extension for WebGL target not found
Refreshing native plugins compatible for Editor in 0.28 ms, found 1 plugins.
Preloading 0 native plugins for Editor in 0.00 ms.
[ScriptCompilation] NOT recompiling all scripts because this is an import worker process. Reason to compile was: Define symbols changed
Mono: successfully reloaded assembly
- Completed reload, in  0.851 seconds
Platform modules already initialized, skipping
Refreshing native plugins compatible for Editor in 0.31 ms, found 1 plugins.
Preloading 0 native plugins for Editor in 0.00 ms.
Unloading 1473 Unused Serialized files (Serialized files now loaded: 0)
System memory in use before: 88.2 MB.
System memory in use after: 88.3 MB.

Unloading 9 unused Assets to reduce memory usage. Loaded Objects now: 1989.
Total: 2.122800 ms (FindLiveObjects: 0.266300 ms CreateObjectMapping: 0.099800 ms MarkObjects: 1.658800 ms  DeleteObjects: 0.096600 ms)

========================================================================
Received Prepare
Registering precompiled user dll's ...
Registered in 0.001771 seconds.
Begin MonoManager ReloadAssembly
Native extension for WindowsStandalone target not found
Native extension for WebGL target not found
Refreshing native plugins compatible for Editor in 0.28 ms, found 1 plugins.
Preloading 0 native plugins for Editor in 0.00 ms.
[ScriptCompilation] NOT recompiling all scripts because this is an import worker process. Reason to compile was: Define symbols changed
Mono: successfully reloaded assembly
- Completed reload, in  0.924 seconds
Platform modules already initialized, skipping
Refreshing native plugins compatible for Editor in 0.39 ms, found 1 plugins.
Preloading 0 native plugins for Editor in 0.00 ms.
Unloading 1473 Unused Serialized files (Serialized files now loaded: 0)
System memory in use before: 88.2 MB.
System memory in use after: 88.3 MB.

Unloading 9 unused Assets to reduce memory usage. Loaded Objects now: 1992.
Total: 1.852100 ms (FindLiveObjects: 0.160000 ms CreateObjectMapping: 0.040600 ms MarkObjects: 1.569000 ms  DeleteObjects: 0.081900 ms)

========================================================================
Received Prepare
Registering precompiled user dll's ...
Registered in 0.003841 seconds.
Begin MonoManager ReloadAssembly
Native extension for WindowsStandalone target not found
Native extension for WebGL target not found
Refreshing native plugins compatible for Editor in 0.29 ms, found 1 plugins.
Preloading 0 native plugins for Editor in 0.00 ms.
[ScriptCompilation] NOT recompiling all scripts because this is an import worker process. Reason to compile was: Define symbols changed
Mono: successfully reloaded assembly
- Completed reload, in  0.908 seconds
Platform modules already initialized, skipping
Refreshing native plugins compatible for Editor in 0.32 ms, found 1 plugins.
Preloading 0 native plugins for Editor in 0.00 ms.
Unloading 1473 Unused Serialized files (Serialized files now loaded: 0)
System memory in use before: 88.1 MB.
System memory in use after: 88.2 MB.

Unloading 9 unused Assets to reduce memory usage. Loaded Objects now: 1995.
Total: 1.648400 ms (FindLiveObjects: 0.179700 ms CreateObjectMapping: 0.050800 ms MarkObjects: 1.347800 ms  DeleteObjects: 0.069100 ms)

========================================================================
Received Prepare
Registering precompiled user dll's ...
Registered in 0.001704 seconds.
Begin MonoManager ReloadAssembly
Native extension for WindowsStandalone target not found
Native extension for WebGL target not found
Refreshing native plugins compatible for Editor in 0.27 ms, found 1 plugins.
Preloading 0 native plugins for Editor in 0.00 ms.
[ScriptCompilation] NOT recompiling all scripts because this is an import worker process. Reason to compile was: Define symbols changed
Mono: successfully reloaded assembly
- Completed reload, in  0.885 seconds
Platform modules already initialized, skipping
Refreshing native plugins compatible for Editor in 0.33 ms, found 1 plugins.
Preloading 0 native plugins for Editor in 0.00 ms.
Unloading 1471 Unused Serialized files (Serialized files now loaded: 0)
System memory in use before: 88.1 MB.
System memory in use after: 88.2 MB.

Unloading 11 unused Assets to reduce memory usage. Loaded Objects now: 1996.
Total: 1.917900 ms (FindLiveObjects: 0.141700 ms CreateObjectMapping: 0.047300 ms MarkObjects: 1.645300 ms  DeleteObjects: 0.083000 ms)

AssetImportWorkerClient::OnTransportError - code=2 error=End of file
